171009 13:49:28 [Note] Plugin 'FEDERATED' is disabled.
171009 13:49:28 InnoDB: The InnoDB memory heap is disabled
171009 13:49:28 InnoDB: Mutexes and rw_locks use Windows interlocked functions
171009 13:49:28 InnoDB: Compressed tables use zlib 1.2.3
171009 13:49:28 InnoDB: Initializing buffer pool, size = 512.0M
171009 13:49:28 InnoDB: Completed initialization of buffer pool
InnoDB: The first specified data file .\ibdata1 did not exist:
InnoDB: a new database to be created!
171009 13:49:28  InnoDB: Setting file .\ibdata1 size to 10 MB
InnoDB: Database physically writes the file full: wait...
171009 13:49:28  InnoDB: Log file .\ib_logfile0 did not exist: new to be created
InnoDB: Setting log file .\ib_logfile0 size to 32 MB
InnoDB: Database physically writes the file full: wait...
171009 13:49:29  InnoDB: Log file .\ib_logfile1 did not exist: new to be created
InnoDB: Setting log file .\ib_logfile1 size to 32 MB
InnoDB: Database physically writes the file full: wait...
InnoDB: Doublewrite buffer not found: creating new
InnoDB: Doublewrite buffer created
InnoDB: 127 rollback segment(s) active.
InnoDB: Creating foreign key constraint system tables
InnoDB: Foreign key constraint system tables created
171009 13:49:29  InnoDB: Waiting for the background threads to start
171009 13:49:30 InnoDB: 5.5.48 started; log sequence number 0
171009 13:49:30 [Note] Server hostname (bind-address): '0.0.0.0'; port: 33067
171009 13:49:30 [Note]   - '0.0.0.0' resolves to '0.0.0.0';
171009 13:49:30 [Note] Server socket created on IP: '0.0.0.0'.
171009 13:49:31 [Note] Event Scheduler: Loaded 0 events
171009 13:49:31 [Note] C:\Program Files (x86)\DevDesktop\mysql\bin\mysqld.exe: ready for connections.
Version: '5.5.48-log'  socket: ''  port: 33067  MySQL Community Server (GPL)
171009 15:57:31 [Note] C:\Program Files (x86)\DevDesktop\mysql\bin\mysqld.exe: Normal shutdown

171009 15:57:31 [Note] Event Scheduler: Purging the queue. 0 events
171009 15:57:31  InnoDB: Starting shutdown...
171009 15:57:32  InnoDB: Shutdown completed; log sequence number 43627190
171009 15:57:32 [Note] C:\Program Files (x86)\DevDesktop\mysql\bin\mysqld.exe: Shutdown complete

171010 18:16:43 [Note] Plugin 'FEDERATED' is disabled.
171010 18:16:43 InnoDB: The InnoDB memory heap is disabled
171010 18:16:43 InnoDB: Mutexes and rw_locks use Windows interlocked functions
171010 18:16:43 InnoDB: Compressed tables use zlib 1.2.3
171010 18:16:43 InnoDB: Initializing buffer pool, size = 512.0M
171010 18:16:43 InnoDB: Completed initialization of buffer pool
171010 18:16:44 InnoDB: highest supported file format is Barracuda.
171010 18:16:48  InnoDB: Waiting for the background threads to start
171010 18:16:49 InnoDB: 5.5.48 started; log sequence number 43627190
171010 18:16:49 [Note] Server hostname (bind-address): '0.0.0.0'; port: 33067
171010 18:16:49 [Note]   - '0.0.0.0' resolves to '0.0.0.0';
171010 18:16:49 [Note] Server socket created on IP: '0.0.0.0'.
171010 18:16:49 [Note] Event Scheduler: Loaded 0 events
171010 18:16:49 [Note] C:\Program Files (x86)\DevDesktop\mysql\bin\mysqld.exe: ready for connections.
Version: '5.5.48-log'  socket: ''  port: 33067  MySQL Community Server (GPL)
171010 19:55:36 [Note] C:\Program Files (x86)\DevDesktop\mysql\bin\mysqld.exe: Normal shutdown

171010 19:55:36 [Note] Event Scheduler: Purging the queue. 0 events
171010 19:55:37  InnoDB: Starting shutdown...
171010 19:55:38  InnoDB: Shutdown completed; log sequence number 43627190
171010 19:55:38 [Note] C:\Program Files (x86)\DevDesktop\mysql\bin\mysqld.exe: Shutdown complete

171016  8:25:46 [Note] Plugin 'FEDERATED' is disabled.
171016  8:25:46 InnoDB: The InnoDB memory heap is disabled
171016  8:25:46 InnoDB: Mutexes and rw_locks use Windows interlocked functions
171016  8:25:46 InnoDB: Compressed tables use zlib 1.2.3
171016  8:25:46 InnoDB: Initializing buffer pool, size = 512.0M
171016  8:25:46 InnoDB: Completed initialization of buffer pool
171016  8:25:46 InnoDB: highest supported file format is Barracuda.
171016  8:25:52  InnoDB: Waiting for the background threads to start
171016  8:25:53 InnoDB: 5.5.48 started; log sequence number 43627190
171016  8:25:53 [Note] Server hostname (bind-address): '0.0.0.0'; port: 33067
171016  8:25:53 [Note]   - '0.0.0.0' resolves to '0.0.0.0';
171016  8:25:53 [Note] Server socket created on IP: '0.0.0.0'.
171016  8:25:55 [Note] Event Scheduler: Loaded 0 events
171016  8:25:55 [Note] C:\Program Files (x86)\DevDesktop\mysql\bin\mysqld.exe: ready for connections.
Version: '5.5.48-log'  socket: ''  port: 33067  MySQL Community Server (GPL)
171016 12:54:33 [Note] C:\Program Files (x86)\DevDesktop\mysql\bin\mysqld.exe: Normal shutdown

171016 12:54:34 [Note] Event Scheduler: Purging the queue. 0 events
171016 12:54:34  InnoDB: Starting shutdown...
171016 12:54:37  InnoDB: Shutdown completed; log sequence number 87703181
171016 12:54:37 [Note] C:\Program Files (x86)\DevDesktop\mysql\bin\mysqld.exe: Shutdown complete

171016 12:54:50 [Note] Plugin 'FEDERATED' is disabled.
171016 12:54:50 InnoDB: The InnoDB memory heap is disabled
171016 12:54:50 InnoDB: Mutexes and rw_locks use Windows interlocked functions
171016 12:54:50 InnoDB: Compressed tables use zlib 1.2.3
171016 12:54:50 InnoDB: Initializing buffer pool, size = 512.0M
171016 12:54:50 InnoDB: Completed initialization of buffer pool
171016 12:54:50 InnoDB: highest supported file format is Barracuda.
171016 12:54:55  InnoDB: Waiting for the background threads to start
171016 12:54:56 InnoDB: 5.5.48 started; log sequence number 87703181
171016 12:54:56 [Note] Server hostname (bind-address): '0.0.0.0'; port: 33067
171016 12:54:56 [Note]   - '0.0.0.0' resolves to '0.0.0.0';
171016 12:54:56 [Note] Server socket created on IP: '0.0.0.0'.
171016 12:54:57 [Note] Event Scheduler: Loaded 0 events
171016 12:54:57 [Note] C:\Program Files (x86)\DevDesktop\mysql\bin\mysqld.exe: ready for connections.
Version: '5.5.48-log'  socket: ''  port: 33067  MySQL Community Server (GPL)
171016 14:16:29 [Note] C:\Program Files (x86)\DevDesktop\mysql\bin\mysqld.exe: Normal shutdown

171016 14:16:29 [Note] Event Scheduler: Purging the queue. 0 events
171016 14:16:30  InnoDB: Starting shutdown...
171016 14:16:39  InnoDB: Shutdown completed; log sequence number 130097074
171016 14:16:39 [Note] C:\Program Files (x86)\DevDesktop\mysql\bin\mysqld.exe: Shutdown complete

171016 14:17:04 [Note] Plugin 'FEDERATED' is disabled.
171016 14:17:04 InnoDB: The InnoDB memory heap is disabled
171016 14:17:04 InnoDB: Mutexes and rw_locks use Windows interlocked functions
171016 14:17:04 InnoDB: Compressed tables use zlib 1.2.3
171016 14:17:04 InnoDB: Initializing buffer pool, size = 512.0M
171016 14:17:04 InnoDB: Completed initialization of buffer pool
171016 14:17:04 InnoDB: highest supported file format is Barracuda.
171016 14:17:13  InnoDB: Waiting for the background threads to start
171016 14:17:14 InnoDB: 5.5.48 started; log sequence number 130097074
171016 14:17:14 [Note] Server hostname (bind-address): '0.0.0.0'; port: 33067
171016 14:17:14 [Note]   - '0.0.0.0' resolves to '0.0.0.0';
171016 14:17:14 [Note] Server socket created on IP: '0.0.0.0'.
171016 14:17:14 [Note] Event Scheduler: Loaded 0 events
171016 14:17:14 [Note] C:\Program Files (x86)\DevDesktop\mysql\bin\mysqld.exe: ready for connections.
Version: '5.5.48-log'  socket: ''  port: 33067  MySQL Community Server (GPL)
171016 15:16:33 [Note] C:\Program Files (x86)\DevDesktop\mysql\bin\mysqld.exe: Normal shutdown

171016 15:16:33 [Note] Event Scheduler: Purging the queue. 0 events
171016 15:16:33  InnoDB: Starting shutdown...
171016 15:16:36  InnoDB: Shutdown completed; log sequence number 173998779
171016 15:16:36 [Note] C:\Program Files (x86)\DevDesktop\mysql\bin\mysqld.exe: Shutdown complete

171019 13:41:05 [Note] Plugin 'FEDERATED' is disabled.
171019 13:41:05 InnoDB: The InnoDB memory heap is disabled
171019 13:41:05 InnoDB: Mutexes and rw_locks use Windows interlocked functions
171019 13:41:05 InnoDB: Compressed tables use zlib 1.2.3
171019 13:41:05 InnoDB: Initializing buffer pool, size = 512.0M
171019 13:41:05 InnoDB: Completed initialization of buffer pool
171019 13:41:05 InnoDB: highest supported file format is Barracuda.
171019 13:41:17  InnoDB: Waiting for the background threads to start
171019 13:41:18 InnoDB: 5.5.48 started; log sequence number 173998779
171019 13:41:18 [Note] Server hostname (bind-address): '0.0.0.0'; port: 33067
171019 13:41:18 [Note]   - '0.0.0.0' resolves to '0.0.0.0';
171019 13:41:18 [Note] Server socket created on IP: '0.0.0.0'.
171019 13:41:19 [Note] Event Scheduler: Loaded 0 events
171019 13:41:19 [Note] C:\Program Files (x86)\DevDesktop\mysql\bin\mysqld.exe: ready for connections.
Version: '5.5.48-log'  socket: ''  port: 33067  MySQL Community Server (GPL)
171019 13:52:29 [Note] C:\Program Files (x86)\DevDesktop\mysql\bin\mysqld.exe: Normal shutdown

171019 13:52:29 [Note] Event Scheduler: Purging the queue. 0 events
171019 13:52:29  InnoDB: Starting shutdown...
171019 13:52:33  InnoDB: Shutdown completed; log sequence number 179180053
171019 13:52:33 [Note] C:\Program Files (x86)\DevDesktop\mysql\bin\mysqld.exe: Shutdown complete

171019 13:54:06 [Note] Plugin 'FEDERATED' is disabled.
171019 13:54:06 InnoDB: The InnoDB memory heap is disabled
171019 13:54:06 InnoDB: Mutexes and rw_locks use Windows interlocked functions
171019 13:54:06 InnoDB: Compressed tables use zlib 1.2.3
171019 13:54:06 InnoDB: Initializing buffer pool, size = 512.0M
171019 13:54:06 InnoDB: Completed initialization of buffer pool
171019 13:54:06 InnoDB: highest supported file format is Barracuda.
171019 13:54:07  InnoDB: Waiting for the background threads to start
171019 13:54:08 InnoDB: 5.5.48 started; log sequence number 179180053
171019 13:54:08 [Note] Server hostname (bind-address): '0.0.0.0'; port: 33067
171019 13:54:08 [Note]   - '0.0.0.0' resolves to '0.0.0.0';
171019 13:54:08 [Note] Server socket created on IP: '0.0.0.0'.
171019 13:54:08 [Note] Event Scheduler: Loaded 0 events
171019 13:54:08 [Note] C:\Program Files (x86)\DevDesktop\mysql\bin\mysqld.exe: ready for connections.
Version: '5.5.48-log'  socket: ''  port: 33067  MySQL Community Server (GPL)
171019 13:54:28 [Note] C:\Program Files (x86)\DevDesktop\mysql\bin\mysqld.exe: Normal shutdown

171019 13:54:28 [Note] Event Scheduler: Purging the queue. 0 events
171019 13:54:28  InnoDB: Starting shutdown...
171019 13:54:29  InnoDB: Shutdown completed; log sequence number 179231827
171019 13:54:29 [Note] C:\Program Files (x86)\DevDesktop\mysql\bin\mysqld.exe: Shutdown complete

171019 13:55:37 [Note] Plugin 'FEDERATED' is disabled.
171019 13:55:37 InnoDB: The InnoDB memory heap is disabled
171019 13:55:37 InnoDB: Mutexes and rw_locks use Windows interlocked functions
171019 13:55:37 InnoDB: Compressed tables use zlib 1.2.3
171019 13:55:37 InnoDB: Initializing buffer pool, size = 512.0M
171019 13:55:37 InnoDB: Completed initialization of buffer pool
171019 13:55:37 InnoDB: highest supported file format is Barracuda.
171019 13:55:38  InnoDB: Waiting for the background threads to start
171019 13:55:39 InnoDB: 5.5.48 started; log sequence number 179231827
171019 13:55:39 [Note] Server hostname (bind-address): '0.0.0.0'; port: 33067
171019 13:55:39 [Note]   - '0.0.0.0' resolves to '0.0.0.0';
171019 13:55:39 [Note] Server socket created on IP: '0.0.0.0'.
171019 13:55:39 [Note] Event Scheduler: Loaded 0 events
171019 13:55:39 [Note] C:\Program Files (x86)\DevDesktop\mysql\bin\mysqld.exe: ready for connections.
Version: '5.5.48-log'  socket: ''  port: 33067  MySQL Community Server (GPL)
171019 14:10:34 [Note] C:\Program Files (x86)\DevDesktop\mysql\bin\mysqld.exe: Normal shutdown

171019 14:10:34 [Note] Event Scheduler: Purging the queue. 0 events
171019 14:10:34  InnoDB: Starting shutdown...
171019 14:10:36  InnoDB: Shutdown completed; log sequence number 179526985
171019 14:10:36 [Note] C:\Program Files (x86)\DevDesktop\mysql\bin\mysqld.exe: Shutdown complete

171019 14:14:34 [Note] Plugin 'FEDERATED' is disabled.
171019 14:14:34 InnoDB: The InnoDB memory heap is disabled
171019 14:14:34 InnoDB: Mutexes and rw_locks use Windows interlocked functions
171019 14:14:34 InnoDB: Compressed tables use zlib 1.2.3
171019 14:14:34 InnoDB: Initializing buffer pool, size = 512.0M
171019 14:14:34 InnoDB: Completed initialization of buffer pool
171019 14:14:34 InnoDB: highest supported file format is Barracuda.
171019 14:14:34  InnoDB: Waiting for the background threads to start
171019 14:14:35 InnoDB: 5.5.48 started; log sequence number 179526985
171019 14:14:35 [Note] Server hostname (bind-address): '0.0.0.0'; port: 33067
171019 14:14:35 [Note]   - '0.0.0.0' resolves to '0.0.0.0';
171019 14:14:35 [Note] Server socket created on IP: '0.0.0.0'.
171019 14:14:35 [Note] Event Scheduler: Loaded 0 events
171019 14:14:35 [Note] C:\Program Files (x86)\DevDesktop\mysql\bin\mysqld.exe: ready for connections.
Version: '5.5.48-log'  socket: ''  port: 33067  MySQL Community Server (GPL)
171019 14:26:48 [Note] C:\Program Files (x86)\DevDesktop\mysql\bin\mysqld.exe: Normal shutdown

171019 14:26:48 [Note] Event Scheduler: Purging the queue. 0 events
171019 14:26:48  InnoDB: Starting shutdown...
171019 14:26:50  InnoDB: Shutdown completed; log sequence number 179631580
171019 14:26:50 [Note] C:\Program Files (x86)\DevDesktop\mysql\bin\mysqld.exe: Shutdown complete

171019 14:26:51 [Note] Plugin 'FEDERATED' is disabled.
171019 14:26:51 InnoDB: The InnoDB memory heap is disabled
171019 14:26:51 InnoDB: Mutexes and rw_locks use Windows interlocked functions
171019 14:26:51 InnoDB: Compressed tables use zlib 1.2.3
171019 14:26:51 InnoDB: Initializing buffer pool, size = 512.0M
171019 14:26:51 InnoDB: Completed initialization of buffer pool
171019 14:26:51 InnoDB: highest supported file format is Barracuda.
171019 14:26:59  InnoDB: Waiting for the background threads to start
171019 14:27:00 InnoDB: 5.5.48 started; log sequence number 179631580
171019 14:27:00 [Note] Server hostname (bind-address): '0.0.0.0'; port: 33067
171019 14:27:00 [Note]   - '0.0.0.0' resolves to '0.0.0.0';
171019 14:27:00 [Note] Server socket created on IP: '0.0.0.0'.
171019 14:27:00 [Note] Event Scheduler: Loaded 0 events
171019 14:27:00 [Note] C:\Program Files (x86)\DevDesktop\mysql\bin\mysqld.exe: ready for connections.
Version: '5.5.48-log'  socket: ''  port: 33067  MySQL Community Server (GPL)
171019 14:47:31 [Note] C:\Program Files (x86)\DevDesktop\mysql\bin\mysqld.exe: Normal shutdown

171019 14:47:31 [Note] Event Scheduler: Purging the queue. 0 events
171019 14:47:31  InnoDB: Starting shutdown...
171019 14:47:32  InnoDB: Shutdown completed; log sequence number 179631590
171019 14:47:32 [Note] C:\Program Files (x86)\DevDesktop\mysql\bin\mysqld.exe: Shutdown complete

171021 10:58:18 [Note] Plugin 'FEDERATED' is disabled.
171021 10:58:18 InnoDB: The InnoDB memory heap is disabled
171021 10:58:18 InnoDB: Mutexes and rw_locks use Windows interlocked functions
171021 10:58:18 InnoDB: Compressed tables use zlib 1.2.3
171021 10:58:18 InnoDB: Initializing buffer pool, size = 512.0M
171021 10:58:18 InnoDB: Completed initialization of buffer pool
171021 10:58:18 InnoDB: highest supported file format is Barracuda.
171021 10:58:32  InnoDB: Waiting for the background threads to start
171021 10:58:33 InnoDB: 5.5.48 started; log sequence number 179631590
171021 10:58:33 [Note] Server hostname (bind-address): '0.0.0.0'; port: 33067
171021 10:58:33 [Note]   - '0.0.0.0' resolves to '0.0.0.0';
171021 10:58:33 [Note] Server socket created on IP: '0.0.0.0'.
171021 10:58:33 [Note] Event Scheduler: Loaded 0 events
171021 10:58:33 [Note] C:\Program Files (x86)\DevDesktop\mysql\bin\mysqld.exe: ready for connections.
Version: '5.5.48-log'  socket: ''  port: 33067  MySQL Community Server (GPL)
171023  8:48:12 [Note] Plugin 'FEDERATED' is disabled.
171023  8:48:12 InnoDB: The InnoDB memory heap is disabled
171023  8:48:12 InnoDB: Mutexes and rw_locks use Windows interlocked functions
171023  8:48:12 InnoDB: Compressed tables use zlib 1.2.3
171023  8:48:12 InnoDB: Initializing buffer pool, size = 512.0M
171023  8:48:12 InnoDB: Completed initialization of buffer pool
171023  8:48:12 InnoDB: highest supported file format is Barracuda.
InnoDB: The log sequence number in ibdata files does not match
InnoDB: the log sequence number in the ib_logfiles!
171023  8:48:12  InnoDB: Database was not shut down normally!
InnoDB: Starting crash recovery.
InnoDB: Reading tablespace information from the .ibd files...
InnoDB: Restoring possible half-written data pages from the doublewrite
InnoDB: buffer...
171023  8:48:28  InnoDB: Waiting for the background threads to start
171023  8:48:29 InnoDB: 5.5.48 started; log sequence number 180003498
171023  8:48:29 [Note] Server hostname (bind-address): '0.0.0.0'; port: 33067
171023  8:48:29 [Note]   - '0.0.0.0' resolves to '0.0.0.0';
171023  8:48:29 [Note] Server socket created on IP: '0.0.0.0'.
171023  8:48:31 [Note] Event Scheduler: Loaded 0 events
171023  8:48:31 [Note] C:\Program Files (x86)\DevDesktop\mysql\bin\mysqld.exe: ready for connections.
Version: '5.5.48-log'  socket: ''  port: 33067  MySQL Community Server (GPL)
171023  9:05:53 [Note] C:\Program Files (x86)\DevDesktop\mysql\bin\mysqld.exe: Normal shutdown

171023  9:05:53 [Note] Event Scheduler: Purging the queue. 0 events
171023  9:05:53  InnoDB: Starting shutdown...
171023  9:05:56  InnoDB: Shutdown completed; log sequence number 180056899
171023  9:05:56 [Note] C:\Program Files (x86)\DevDesktop\mysql\bin\mysqld.exe: Shutdown complete

171023 12:55:59 [Note] Plugin 'FEDERATED' is disabled.
171023 12:55:59 InnoDB: The InnoDB memory heap is disabled
171023 12:55:59 InnoDB: Mutexes and rw_locks use Windows interlocked functions
171023 12:55:59 InnoDB: Compressed tables use zlib 1.2.3
171023 12:55:59 InnoDB: Initializing buffer pool, size = 512.0M
171023 12:55:59 InnoDB: Completed initialization of buffer pool
171023 12:55:59 InnoDB: highest supported file format is Barracuda.
171023 12:56:00  InnoDB: Waiting for the background threads to start
171023 12:56:01 InnoDB: 5.5.48 started; log sequence number 180056899
171023 12:56:01 [Note] Server hostname (bind-address): '0.0.0.0'; port: 33067
171023 12:56:01 [Note]   - '0.0.0.0' resolves to '0.0.0.0';
171023 12:56:01 [Note] Server socket created on IP: '0.0.0.0'.
171023 12:56:01 [Note] Event Scheduler: Loaded 0 events
171023 12:56:01 [Note] C:\Program Files (x86)\DevDesktop\mysql\bin\mysqld.exe: ready for connections.
Version: '5.5.48-log'  socket: ''  port: 33067  MySQL Community Server (GPL)
171023 14:49:40 [Note] C:\Program Files (x86)\DevDesktop\mysql\bin\mysqld.exe: Normal shutdown

171023 14:49:40 [Note] Event Scheduler: Purging the queue. 0 events
171023 14:49:40  InnoDB: Starting shutdown...
171023 14:49:41  InnoDB: Shutdown completed; log sequence number 180159537
171023 14:49:41 [Note] C:\Program Files (x86)\DevDesktop\mysql\bin\mysqld.exe: Shutdown complete

171023 15:16:50 [Note] Plugin 'FEDERATED' is disabled.
171023 15:16:50 InnoDB: The InnoDB memory heap is disabled
171023 15:16:50 InnoDB: Mutexes and rw_locks use Windows interlocked functions
171023 15:16:50 InnoDB: Compressed tables use zlib 1.2.3
171023 15:16:50 InnoDB: Initializing buffer pool, size = 512.0M
171023 15:16:50 InnoDB: Completed initialization of buffer pool
171023 15:16:50 InnoDB: highest supported file format is Barracuda.
171023 15:16:53  InnoDB: Waiting for the background threads to start
171023 15:16:54 InnoDB: 5.5.48 started; log sequence number 180159537
171023 15:16:54 [Note] Server hostname (bind-address): '0.0.0.0'; port: 33067
171023 15:16:54 [Note]   - '0.0.0.0' resolves to '0.0.0.0';
171023 15:16:54 [Note] Server socket created on IP: '0.0.0.0'.
171023 15:16:54 [Note] Event Scheduler: Loaded 0 events
171023 15:16:54 [Note] C:\Program Files (x86)\DevDesktop\mysql\bin\mysqld.exe: ready for connections.
Version: '5.5.48-log'  socket: ''  port: 33067  MySQL Community Server (GPL)
171023 15:44:11 [Note] C:\Program Files (x86)\DevDesktop\mysql\bin\mysqld.exe: Normal shutdown

171023 15:44:11 [Note] Event Scheduler: Purging the queue. 0 events
171023 15:44:11  InnoDB: Starting shutdown...
171023 15:44:13  InnoDB: Shutdown completed; log sequence number 180177633
171023 15:44:13 [Note] C:\Program Files (x86)\DevDesktop\mysql\bin\mysqld.exe: Shutdown complete

171030  9:56:08 [Note] Plugin 'FEDERATED' is disabled.
171030  9:56:09 InnoDB: The InnoDB memory heap is disabled
171030  9:56:09 InnoDB: Mutexes and rw_locks use Windows interlocked functions
171030  9:56:09 InnoDB: Compressed tables use zlib 1.2.3
171030  9:56:09 InnoDB: Initializing buffer pool, size = 512.0M
171030  9:56:09 InnoDB: Completed initialization of buffer pool
171030  9:56:09 InnoDB: highest supported file format is Barracuda.
171030  9:56:19  InnoDB: Waiting for the background threads to start
171030  9:56:20 InnoDB: 5.5.48 started; log sequence number 180177633
171030  9:56:20 [Note] Server hostname (bind-address): '0.0.0.0'; port: 33067
171030  9:56:20 [Note]   - '0.0.0.0' resolves to '0.0.0.0';
171030  9:56:20 [Note] Server socket created on IP: '0.0.0.0'.
171030  9:56:22 [Note] Event Scheduler: Loaded 0 events
171030  9:56:22 [Note] C:\Program Files (x86)\DevDesktop\mysql\bin\mysqld.exe: ready for connections.
Version: '5.5.48-log'  socket: ''  port: 33067  MySQL Community Server (GPL)
171030 10:11:17 [Note] C:\Program Files (x86)\DevDesktop\mysql\bin\mysqld.exe: Normal shutdown

171030 10:11:17 [Note] Event Scheduler: Purging the queue. 0 events
171030 10:11:17  InnoDB: Starting shutdown...
171030 10:11:19  InnoDB: Shutdown completed; log sequence number 180185510
171030 10:11:19 [Note] C:\Program Files (x86)\DevDesktop\mysql\bin\mysqld.exe: Shutdown complete

171030 10:11:38 [Note] Plugin 'FEDERATED' is disabled.
171030 10:11:38 InnoDB: The InnoDB memory heap is disabled
171030 10:11:38 InnoDB: Mutexes and rw_locks use Windows interlocked functions
171030 10:11:38 InnoDB: Compressed tables use zlib 1.2.3
171030 10:11:38 InnoDB: Initializing buffer pool, size = 512.0M
171030 10:11:38 InnoDB: Completed initialization of buffer pool
171030 10:11:38 InnoDB: highest supported file format is Barracuda.
171030 10:11:41  InnoDB: Waiting for the background threads to start
171030 10:11:42 InnoDB: 5.5.48 started; log sequence number 180185510
171030 10:11:42 [Note] Server hostname (bind-address): '0.0.0.0'; port: 33067
171030 10:11:42 [Note]   - '0.0.0.0' resolves to '0.0.0.0';
171030 10:11:42 [Note] Server socket created on IP: '0.0.0.0'.
171030 10:11:42 [Note] Event Scheduler: Loaded 0 events
171030 10:11:42 [Note] C:\Program Files (x86)\DevDesktop\mysql\bin\mysqld.exe: ready for connections.
Version: '5.5.48-log'  socket: ''  port: 33067  MySQL Community Server (GPL)
171030 14:43:23 [Note] Plugin 'FEDERATED' is disabled.
171030 14:43:23 InnoDB: The InnoDB memory heap is disabled
171030 14:43:23 InnoDB: Mutexes and rw_locks use Windows interlocked functions
171030 14:43:23 InnoDB: Compressed tables use zlib 1.2.3
171030 14:43:23 InnoDB: Initializing buffer pool, size = 512.0M
171030 14:43:23 InnoDB: Completed initialization of buffer pool
171030 14:43:23 InnoDB: highest supported file format is Barracuda.
InnoDB: The log sequence number in ibdata files does not match
InnoDB: the log sequence number in the ib_logfiles!
171030 14:43:23  InnoDB: Database was not shut down normally!
InnoDB: Starting crash recovery.
InnoDB: Reading tablespace information from the .ibd files...
InnoDB: Restoring possible half-written data pages from the doublewrite
InnoDB: buffer...
171030 14:43:23  InnoDB: Waiting for the background threads to start
171030 14:43:24 InnoDB: 5.5.48 started; log sequence number 185905001
171030 14:43:24 [Note] Server hostname (bind-address): '0.0.0.0'; port: 33067
171030 14:43:24 [Note]   - '0.0.0.0' resolves to '0.0.0.0';
171030 14:43:24 [Note] Server socket created on IP: '0.0.0.0'.
171030 14:43:24 [Note] Event Scheduler: Loaded 0 events
171030 14:43:24 [Note] C:\Program Files (x86)\DevDesktop\mysql\bin\mysqld.exe: ready for connections.
Version: '5.5.48-log'  socket: ''  port: 33067  MySQL Community Server (GPL)
171030 15:17:53 [Note] Plugin 'FEDERATED' is disabled.
171030 15:17:53 InnoDB: The InnoDB memory heap is disabled
171030 15:17:53 InnoDB: Mutexes and rw_locks use Windows interlocked functions
171030 15:17:53 InnoDB: Compressed tables use zlib 1.2.3
171030 15:17:53 InnoDB: Initializing buffer pool, size = 512.0M
171030 15:17:53 InnoDB: Completed initialization of buffer pool
171030 15:17:53 InnoDB: highest supported file format is Barracuda.
InnoDB: The log sequence number in ibdata files does not match
InnoDB: the log sequence number in the ib_logfiles!
171030 15:17:53  InnoDB: Database was not shut down normally!
InnoDB: Starting crash recovery.
InnoDB: Reading tablespace information from the .ibd files...
InnoDB: Restoring possible half-written data pages from the doublewrite
InnoDB: buffer...
171030 15:17:56  InnoDB: Waiting for the background threads to start
171030 15:17:57 InnoDB: 5.5.48 started; log sequence number 191154764
171030 15:17:57 [Note] Server hostname (bind-address): '0.0.0.0'; port: 33067
171030 15:17:57 [Note]   - '0.0.0.0' resolves to '0.0.0.0';
171030 15:17:57 [Note] Server socket created on IP: '0.0.0.0'.
171030 15:17:57 [Note] Event Scheduler: Loaded 0 events
171030 15:17:57 [Note] C:\Program Files (x86)\DevDesktop\mysql\bin\mysqld.exe: ready for connections.
Version: '5.5.48-log'  socket: ''  port: 33067  MySQL Community Server (GPL)
171031  9:58:51 [Note] Plugin 'FEDERATED' is disabled.
171031  9:58:51 InnoDB: The InnoDB memory heap is disabled
171031  9:58:51 InnoDB: Mutexes and rw_locks use Windows interlocked functions
171031  9:58:51 InnoDB: Compressed tables use zlib 1.2.3
171031  9:58:51 InnoDB: Initializing buffer pool, size = 512.0M
171031  9:58:51 InnoDB: Completed initialization of buffer pool
171031  9:58:51 InnoDB: highest supported file format is Barracuda.
InnoDB: The log sequence number in ibdata files does not match
InnoDB: the log sequence number in the ib_logfiles!
171031  9:58:51  InnoDB: Database was not shut down normally!
InnoDB: Starting crash recovery.
InnoDB: Reading tablespace information from the .ibd files...
InnoDB: Restoring possible half-written data pages from the doublewrite
InnoDB: buffer...
171031  9:58:54  InnoDB: Waiting for the background threads to start
171031  9:58:55 InnoDB: 5.5.48 started; log sequence number 191373269
171031  9:58:55 [Note] Server hostname (bind-address): '0.0.0.0'; port: 33067
171031  9:58:55 [Note]   - '0.0.0.0' resolves to '0.0.0.0';
171031  9:58:55 [Note] Server socket created on IP: '0.0.0.0'.
171031  9:58:55  InnoDB: Error: page 4 log sequence number 191382102
InnoDB: is in the future! Current system log sequence number 191373269.
InnoDB: Your database may be corrupt or you may have copied the InnoDB
InnoDB: tablespace but not the InnoDB log files. See
InnoDB: http://dev.mysql.com/doc/refman/5.5/en/forcing-innodb-recovery.html
InnoDB: for more information.
171031  9:58:55  InnoDB: Error: page 4 log sequence number 191381583
InnoDB: is in the future! Current system log sequence number 191373269.
InnoDB: Your database may be corrupt or you may have copied the InnoDB
InnoDB: tablespace but not the InnoDB log files. See
InnoDB: http://dev.mysql.com/doc/refman/5.5/en/forcing-innodb-recovery.html
InnoDB: for more information.
171031  9:58:55  InnoDB: Error: page 27 log sequence number 191381548
InnoDB: is in the future! Current system log sequence number 191373269.
InnoDB: Your database may be corrupt or you may have copied the InnoDB
InnoDB: tablespace but not the InnoDB log files. See
InnoDB: http://dev.mysql.com/doc/refman/5.5/en/forcing-innodb-recovery.html
InnoDB: for more information.
171031  9:58:55  InnoDB: Error: page 22 log sequence number 191380904
InnoDB: is in the future! Current system log sequence number 191373269.
InnoDB: Your database may be corrupt or you may have copied the InnoDB
InnoDB: tablespace but not the InnoDB log files. See
InnoDB: http://dev.mysql.com/doc/refman/5.5/en/forcing-innodb-recovery.html
InnoDB: for more information.
171031  9:58:56 [Note] Event Scheduler: Loaded 0 events
171031  9:58:56 [Note] C:\Program Files (x86)\DevDesktop\mysql\bin\mysqld.exe: ready for connections.
Version: '5.5.48-log'  socket: ''  port: 33067  MySQL Community Server (GPL)
171031  9:58:56  InnoDB: Error: page 4 log sequence number 191382086
InnoDB: is in the future! Current system log sequence number 191373269.
InnoDB: Your database may be corrupt or you may have copied the InnoDB
InnoDB: tablespace but not the InnoDB log files. See
InnoDB: http://dev.mysql.com/doc/refman/5.5/en/forcing-innodb-recovery.html
InnoDB: for more information.
171031  9:59:01  InnoDB: Error: page 3 log sequence number 191381957
InnoDB: is in the future! Current system log sequence number 191373279.
InnoDB: Your database may be corrupt or you may have copied the InnoDB
InnoDB: tablespace but not the InnoDB log files. See
InnoDB: http://dev.mysql.com/doc/refman/5.5/en/forcing-innodb-recovery.html
InnoDB: for more information.
171031  9:59:03  InnoDB: Error: page 3 log sequence number 191375082
InnoDB: is in the future! Current system log sequence number 191373279.
InnoDB: Your database may be corrupt or you may have copied the InnoDB
InnoDB: tablespace but not the InnoDB log files. See
InnoDB: http://dev.mysql.com/doc/refman/5.5/en/forcing-innodb-recovery.html
InnoDB: for more information.
171031  9:59:03  InnoDB: Error: page 5 log sequence number 191374309
InnoDB: is in the future! Current system log sequence number 191373279.
InnoDB: Your database may be corrupt or you may have copied the InnoDB
InnoDB: tablespace but not the InnoDB log files. See
InnoDB: http://dev.mysql.com/doc/refman/5.5/en/forcing-innodb-recovery.html
InnoDB: for more information.
171031  9:59:03  InnoDB: Error: page 6 log sequence number 191374358
InnoDB: is in the future! Current system log sequence number 191373279.
InnoDB: Your database may be corrupt or you may have copied the InnoDB
InnoDB: tablespace but not the InnoDB log files. See
InnoDB: http://dev.mysql.com/doc/refman/5.5/en/forcing-innodb-recovery.html
InnoDB: for more information.
171031  9:59:03  InnoDB: Error: page 7 log sequence number 191374397
InnoDB: is in the future! Current system log sequence number 191373279.
InnoDB: Your database may be corrupt or you may have copied the InnoDB
InnoDB: tablespace but not the InnoDB log files. See
InnoDB: http://dev.mysql.com/doc/refman/5.5/en/forcing-innodb-recovery.html
InnoDB: for more information.
171031  9:59:03  InnoDB: Error: page 8 log sequence number 191374427
InnoDB: is in the future! Current system log sequence number 191373279.
InnoDB: Your database may be corrupt or you may have copied the InnoDB
InnoDB: tablespace but not the InnoDB log files. See
InnoDB: http://dev.mysql.com/doc/refman/5.5/en/forcing-innodb-recovery.html
InnoDB: for more information.
171031  9:59:03  InnoDB: Error: page 9 log sequence number 191374457
InnoDB: is in the future! Current system log sequence number 191373279.
InnoDB: Your database may be corrupt or you may have copied the InnoDB
InnoDB: tablespace but not the InnoDB log files. See
InnoDB: http://dev.mysql.com/doc/refman/5.5/en/forcing-innodb-recovery.html
InnoDB: for more information.
171031  9:59:03  InnoDB: Error: page 10 log sequence number 191374485
InnoDB: is in the future! Current system log sequence number 191373279.
InnoDB: Your database may be corrupt or you may have copied the InnoDB
InnoDB: tablespace but not the InnoDB log files. See
InnoDB: http://dev.mysql.com/doc/refman/5.5/en/forcing-innodb-recovery.html
InnoDB: for more information.
171031  9:59:03  InnoDB: Error: page 11 log sequence number 191374513
InnoDB: is in the future! Current system log sequence number 191373279.
InnoDB: Your database may be corrupt or you may have copied the InnoDB
InnoDB: tablespace but not the InnoDB log files. See
InnoDB: http://dev.mysql.com/doc/refman/5.5/en/forcing-innodb-recovery.html
InnoDB: for more information.
171031  9:59:03  InnoDB: Error: page 12 log sequence number 191374541
InnoDB: is in the future! Current system log sequence number 191373279.
InnoDB: Your database may be corrupt or you may have copied the InnoDB
InnoDB: tablespace but not the InnoDB log files. See
InnoDB: http://dev.mysql.com/doc/refman/5.5/en/forcing-innodb-recovery.html
InnoDB: for more information.
171031  9:59:03  InnoDB: Error: page 13 log sequence number 191374569
InnoDB: is in the future! Current system log sequence number 191373279.
InnoDB: Your database may be corrupt or you may have copied the InnoDB
InnoDB: tablespace but not the InnoDB log files. See
InnoDB: http://dev.mysql.com/doc/refman/5.5/en/forcing-innodb-recovery.html
InnoDB: for more information.
171031  9:59:03  InnoDB: Error: page 14 log sequence number 191374597
InnoDB: is in the future! Current system log sequence number 191373279.
InnoDB: Your database may be corrupt or you may have copied the InnoDB
InnoDB: tablespace but not the InnoDB log files. See
InnoDB: http://dev.mysql.com/doc/refman/5.5/en/forcing-innodb-recovery.html
InnoDB: for more information.
171031  9:59:04  InnoDB: Error: page 3 log sequence number 191376684
InnoDB: is in the future! Current system log sequence number 191374313.
InnoDB: Your database may be corrupt or you may have copied the InnoDB
InnoDB: tablespace but not the InnoDB log files. See
InnoDB: http://dev.mysql.com/doc/refman/5.5/en/forcing-innodb-recovery.html
InnoDB: for more information.
171031  9:59:04  InnoDB: Error: page 4 log sequence number 191376712
InnoDB: is in the future! Current system log sequence number 191374313.
InnoDB: Your database may be corrupt or you may have copied the InnoDB
InnoDB: tablespace but not the InnoDB log files. See
InnoDB: http://dev.mysql.com/doc/refman/5.5/en/forcing-innodb-recovery.html
InnoDB: for more information.
171031  9:59:04  InnoDB: Error: page 5 log sequence number 191376740
InnoDB: is in the future! Current system log sequence number 191374313.
InnoDB: Your database may be corrupt or you may have copied the InnoDB
InnoDB: tablespace but not the InnoDB log files. See
InnoDB: http://dev.mysql.com/doc/refman/5.5/en/forcing-innodb-recovery.html
InnoDB: for more information.
171031  9:59:04  InnoDB: Error: page 6 log sequence number 191376768
InnoDB: is in the future! Current system log sequence number 191374313.
InnoDB: Your database may be corrupt or you may have copied the InnoDB
InnoDB: tablespace but not the InnoDB log files. See
InnoDB: http://dev.mysql.com/doc/refman/5.5/en/forcing-innodb-recovery.html
InnoDB: for more information.
171031  9:59:04  InnoDB: Error: page 3 log sequence number 191379596
InnoDB: is in the future! Current system log sequence number 191376313.
InnoDB: Your database may be corrupt or you may have copied the InnoDB
InnoDB: tablespace but not the InnoDB log files. See
InnoDB: http://dev.mysql.com/doc/refman/5.5/en/forcing-innodb-recovery.html
InnoDB: for more information.
171031  9:59:04  InnoDB: Error: page 4 log sequence number 191378033
InnoDB: is in the future! Current system log sequence number 191376313.
InnoDB: Your database may be corrupt or you may have copied the InnoDB
InnoDB: tablespace but not the InnoDB log files. See
InnoDB: http://dev.mysql.com/doc/refman/5.5/en/forcing-innodb-recovery.html
InnoDB: for more information.
171031  9:59:04  InnoDB: Error: page 3 log sequence number 191377857
InnoDB: is in the future! Current system log sequence number 191376313.
InnoDB: Your database may be corrupt or you may have copied the InnoDB
InnoDB: tablespace but not the InnoDB log files. See
InnoDB: http://dev.mysql.com/doc/refman/5.5/en/forcing-innodb-recovery.html
InnoDB: for more information.
171031  9:59:04  InnoDB: Error: page 4 log sequence number 191377885
InnoDB: is in the future! Current system log sequence number 191376313.
InnoDB: Your database may be corrupt or you may have copied the InnoDB
InnoDB: tablespace but not the InnoDB log files. See
InnoDB: http://dev.mysql.com/doc/refman/5.5/en/forcing-innodb-recovery.html
InnoDB: for more information.
171101 23:43:53 [Note] Plugin 'FEDERATED' is disabled.
171101 23:43:53 InnoDB: The InnoDB memory heap is disabled
171101 23:43:53 InnoDB: Mutexes and rw_locks use Windows interlocked functions
171101 23:43:53 InnoDB: Compressed tables use zlib 1.2.3
171101 23:43:53 InnoDB: Initializing buffer pool, size = 512.0M
171101 23:43:53 InnoDB: Completed initialization of buffer pool
171101 23:43:53 InnoDB: highest supported file format is Barracuda.
InnoDB: The log sequence number in ibdata files does not match
InnoDB: the log sequence number in the ib_logfiles!
171101 23:43:53  InnoDB: Database was not shut down normally!
InnoDB: Starting crash recovery.
InnoDB: Reading tablespace information from the .ibd files...
InnoDB: Restoring possible half-written data pages from the doublewrite
InnoDB: buffer...
171101 23:43:59  InnoDB: Waiting for the background threads to start
171101 23:44:00 InnoDB: 5.5.48 started; log sequence number 191671160
171101 23:44:00 [Note] Server hostname (bind-address): '0.0.0.0'; port: 33067
171101 23:44:00 [Note]   - '0.0.0.0' resolves to '0.0.0.0';
171101 23:44:00 [Note] Server socket created on IP: '0.0.0.0'.
171101 23:44:01 [Note] Event Scheduler: Loaded 0 events
171101 23:44:01 [Note] C:\Program Files (x86)\DevDesktop\mysql\bin\mysqld.exe: ready for connections.
Version: '5.5.48-log'  socket: ''  port: 33067  MySQL Community Server (GPL)
171102  0:01:49 [Note] C:\Program Files (x86)\DevDesktop\mysql\bin\mysqld.exe: Normal shutdown

171102  0:01:49 [Note] Event Scheduler: Purging the queue. 0 events
171102  0:01:49  InnoDB: Starting shutdown...
171102  0:01:50  InnoDB: Shutdown completed; log sequence number 193375373
171102  0:01:50 [Note] C:\Program Files (x86)\DevDesktop\mysql\bin\mysqld.exe: Shutdown complete

171102  8:37:26 [Note] Plugin 'FEDERATED' is disabled.
171102  8:37:27 InnoDB: The InnoDB memory heap is disabled
171102  8:37:27 InnoDB: Mutexes and rw_locks use Windows interlocked functions
171102  8:37:27 InnoDB: Compressed tables use zlib 1.2.3
171102  8:37:27 InnoDB: Initializing buffer pool, size = 512.0M
171102  8:37:27 InnoDB: Completed initialization of buffer pool
171102  8:37:27 InnoDB: highest supported file format is Barracuda.
171102  8:37:31  InnoDB: Waiting for the background threads to start
171102  8:37:32 InnoDB: 5.5.48 started; log sequence number 193375373
171102  8:37:32 [Note] Server hostname (bind-address): '0.0.0.0'; port: 33067
171102  8:37:32 [Note]   - '0.0.0.0' resolves to '0.0.0.0';
171102  8:37:32 [Note] Server socket created on IP: '0.0.0.0'.
171102  8:37:33 [Note] Event Scheduler: Loaded 0 events
171102  8:37:33 [Note] C:\Program Files (x86)\DevDesktop\mysql\bin\mysqld.exe: ready for connections.
Version: '5.5.48-log'  socket: ''  port: 33067  MySQL Community Server (GPL)
171102  9:23:59 [Note] C:\Program Files (x86)\DevDesktop\mysql\bin\mysqld.exe: Normal shutdown

171102  9:23:59 [Note] Event Scheduler: Purging the queue. 0 events
171102  9:23:59  InnoDB: Starting shutdown...
171102  9:24:00  InnoDB: Shutdown completed; log sequence number 193531603
171102  9:24:00 [Note] C:\Program Files (x86)\DevDesktop\mysql\bin\mysqld.exe: Shutdown complete

171106 15:19:51 [Note] Plugin 'FEDERATED' is disabled.
171106 15:19:51 InnoDB: The InnoDB memory heap is disabled
171106 15:19:51 InnoDB: Mutexes and rw_locks use Windows interlocked functions
171106 15:19:51 InnoDB: Compressed tables use zlib 1.2.3
171106 15:19:51 InnoDB: Initializing buffer pool, size = 512.0M
171106 15:19:51 InnoDB: Completed initialization of buffer pool
171106 15:19:51 InnoDB: highest supported file format is Barracuda.
171106 15:19:58  InnoDB: Waiting for the background threads to start
171106 15:19:59 InnoDB: 5.5.48 started; log sequence number 193531603
171106 15:19:59 [Note] Server hostname (bind-address): '0.0.0.0'; port: 33067
171106 15:19:59 [Note]   - '0.0.0.0' resolves to '0.0.0.0';
171106 15:19:59 [Note] Server socket created on IP: '0.0.0.0'.
171106 15:20:01 [Note] Event Scheduler: Loaded 0 events
171106 15:20:01 [Note] C:\Program Files (x86)\DevDesktop\mysql\bin\mysqld.exe: ready for connections.
Version: '5.5.48-log'  socket: ''  port: 33067  MySQL Community Server (GPL)
171106 16:11:52 [Note] C:\Program Files (x86)\DevDesktop\mysql\bin\mysqld.exe: Normal shutdown

171106 16:11:52 [Note] Event Scheduler: Purging the queue. 0 events
171106 16:11:52  InnoDB: Starting shutdown...
171106 16:11:54  InnoDB: Shutdown completed; log sequence number 193782802
171106 16:11:54 [Note] C:\Program Files (x86)\DevDesktop\mysql\bin\mysqld.exe: Shutdown complete

171107 13:39:17 [Note] Plugin 'FEDERATED' is disabled.
171107 13:39:18 InnoDB: The InnoDB memory heap is disabled
171107 13:39:18 InnoDB: Mutexes and rw_locks use Windows interlocked functions
171107 13:39:18 InnoDB: Compressed tables use zlib 1.2.3
171107 13:39:18 InnoDB: Initializing buffer pool, size = 512.0M
171107 13:39:18 InnoDB: Completed initialization of buffer pool
171107 13:39:18 InnoDB: highest supported file format is Barracuda.
171107 13:39:20  InnoDB: Waiting for the background threads to start
171107 13:39:21 InnoDB: 5.5.48 started; log sequence number 193782802
171107 13:39:21 [Note] Server hostname (bind-address): '0.0.0.0'; port: 33067
171107 13:39:21 [Note]   - '0.0.0.0' resolves to '0.0.0.0';
171107 13:39:21 [Note] Server socket created on IP: '0.0.0.0'.
171107 13:39:23 [Note] Event Scheduler: Loaded 0 events
171107 13:39:23 [Note] C:\Program Files (x86)\DevDesktop\mysql\bin\mysqld.exe: ready for connections.
Version: '5.5.48-log'  socket: ''  port: 33067  MySQL Community Server (GPL)
171107 16:04:45 [Note] C:\Program Files (x86)\DevDesktop\mysql\bin\mysqld.exe: Normal shutdown

171107 16:04:45 [Note] Event Scheduler: Purging the queue. 0 events
171107 16:04:45  InnoDB: Starting shutdown...
171107 16:04:46  InnoDB: Shutdown completed; log sequence number 198699086
171107 16:04:46 [Note] C:\Program Files (x86)\DevDesktop\mysql\bin\mysqld.exe: Shutdown complete

171107 16:18:59 [Note] Plugin 'FEDERATED' is disabled.
171107 16:18:59 InnoDB: The InnoDB memory heap is disabled
171107 16:18:59 InnoDB: Mutexes and rw_locks use Windows interlocked functions
171107 16:18:59 InnoDB: Compressed tables use zlib 1.2.3
171107 16:18:59 InnoDB: Initializing buffer pool, size = 512.0M
171107 16:18:59 InnoDB: Completed initialization of buffer pool
171107 16:18:59 InnoDB: highest supported file format is Barracuda.
171107 16:19:01  InnoDB: Waiting for the background threads to start
171107 16:19:02 InnoDB: 5.5.48 started; log sequence number 198699086
171107 16:19:02 [Note] Server hostname (bind-address): '0.0.0.0'; port: 33067
171107 16:19:02 [Note]   - '0.0.0.0' resolves to '0.0.0.0';
171107 16:19:02 [Note] Server socket created on IP: '0.0.0.0'.
171107 16:19:03 [Note] Event Scheduler: Loaded 0 events
171107 16:19:03 [Note] C:\Program Files (x86)\DevDesktop\mysql\bin\mysqld.exe: ready for connections.
Version: '5.5.48-log'  socket: ''  port: 33067  MySQL Community Server (GPL)
171107 18:08:15 [Note] Plugin 'FEDERATED' is disabled.
171107 18:08:15 InnoDB: The InnoDB memory heap is disabled
171107 18:08:15 InnoDB: Mutexes and rw_locks use Windows interlocked functions
171107 18:08:15 InnoDB: Compressed tables use zlib 1.2.3
171107 18:08:15 InnoDB: Initializing buffer pool, size = 512.0M
171107 18:08:15 InnoDB: Completed initialization of buffer pool
171107 18:08:16 InnoDB: highest supported file format is Barracuda.
171107 18:08:46  InnoDB: Waiting for the background threads to start
171107 18:08:47 InnoDB: 5.5.48 started; log sequence number 198699086
171107 18:08:47 [Note] Server hostname (bind-address): '0.0.0.0'; port: 33067
171107 18:08:47 [Note]   - '0.0.0.0' resolves to '0.0.0.0';
171107 18:08:47 [Note] Server socket created on IP: '0.0.0.0'.
171107 18:08:49 [Note] Event Scheduler: Loaded 0 events
171107 18:08:49 [Note] C:\Program Files (x86)\DevDesktop\mysql\bin\mysqld.exe: ready for connections.
Version: '5.5.48-log'  socket: ''  port: 33067  MySQL Community Server (GPL)
171107 18:12:10 [Note] C:\Program Files (x86)\DevDesktop\mysql\bin\mysqld.exe: Normal shutdown

171107 18:12:10 [Note] Event Scheduler: Purging the queue. 0 events
171107 18:12:10  InnoDB: Starting shutdown...
171107 18:12:11  InnoDB: Shutdown completed; log sequence number 198699086
171107 18:12:11 [Note] C:\Program Files (x86)\DevDesktop\mysql\bin\mysqld.exe: Shutdown complete

171107 18:13:50 [Note] Plugin 'FEDERATED' is disabled.
171107 18:13:50 InnoDB: The InnoDB memory heap is disabled
171107 18:13:50 InnoDB: Mutexes and rw_locks use Windows interlocked functions
171107 18:13:50 InnoDB: Compressed tables use zlib 1.2.3
171107 18:13:50 InnoDB: Initializing buffer pool, size = 512.0M
171107 18:13:50 InnoDB: Completed initialization of buffer pool
171107 18:13:50 InnoDB: highest supported file format is Barracuda.
171107 18:13:51  InnoDB: Waiting for the background threads to start
171107 18:13:52 InnoDB: 5.5.48 started; log sequence number 198699086
171107 18:13:52 [Note] Server hostname (bind-address): '0.0.0.0'; port: 33067
171107 18:13:52 [Note]   - '0.0.0.0' resolves to '0.0.0.0';
171107 18:13:52 [Note] Server socket created on IP: '0.0.0.0'.
171107 18:13:52 [Note] Event Scheduler: Loaded 0 events
171107 18:13:52 [Note] C:\Program Files (x86)\DevDesktop\mysql\bin\mysqld.exe: ready for connections.
Version: '5.5.48-log'  socket: ''  port: 33067  MySQL Community Server (GPL)
171107 18:18:28 [Note] C:\Program Files (x86)\DevDesktop\mysql\bin\mysqld.exe: Normal shutdown

171107 18:18:28 [Note] Event Scheduler: Purging the queue. 0 events
171107 18:18:28  InnoDB: Starting shutdown...
171107 18:18:28  InnoDB: Shutdown completed; log sequence number 198699086
171107 18:18:28 [Note] C:\Program Files (x86)\DevDesktop\mysql\bin\mysqld.exe: Shutdown complete

171108 14:08:28 [Note] Plugin 'FEDERATED' is disabled.
171108 14:08:28 InnoDB: The InnoDB memory heap is disabled
171108 14:08:28 InnoDB: Mutexes and rw_locks use Windows interlocked functions
171108 14:08:28 InnoDB: Compressed tables use zlib 1.2.3
171108 14:08:28 InnoDB: Initializing buffer pool, size = 512.0M
171108 14:08:28 InnoDB: Completed initialization of buffer pool
171108 14:08:28 InnoDB: highest supported file format is Barracuda.
171108 14:08:34  InnoDB: Waiting for the background threads to start
171108 14:08:35 InnoDB: 5.5.48 started; log sequence number 198699086
171108 14:08:35 [Note] Server hostname (bind-address): '0.0.0.0'; port: 33067
171108 14:08:35 [Note]   - '0.0.0.0' resolves to '0.0.0.0';
171108 14:08:35 [Note] Server socket created on IP: '0.0.0.0'.
171108 14:08:38 [Note] Event Scheduler: Loaded 0 events
171108 14:08:38 [Note] C:\Program Files (x86)\DevDesktop\mysql\bin\mysqld.exe: ready for connections.
Version: '5.5.48-log'  socket: ''  port: 33067  MySQL Community Server (GPL)
171108 16:44:42 [Note] C:\Program Files (x86)\DevDesktop\mysql\bin\mysqld.exe: Normal shutdown

171108 16:44:42 [Note] Event Scheduler: Purging the queue. 0 events
171108 16:44:42  InnoDB: Starting shutdown...
171108 16:44:42  InnoDB: Shutdown completed; log sequence number 241641653
171108 16:44:42 [Note] C:\Program Files (x86)\DevDesktop\mysql\bin\mysqld.exe: Shutdown complete

171108 23:28:27 [Note] Plugin 'FEDERATED' is disabled.
171108 23:28:27 InnoDB: The InnoDB memory heap is disabled
171108 23:28:27 InnoDB: Mutexes and rw_locks use Windows interlocked functions
171108 23:28:27 InnoDB: Compressed tables use zlib 1.2.3
171108 23:28:27 InnoDB: Initializing buffer pool, size = 512.0M
171108 23:28:27 InnoDB: Completed initialization of buffer pool
171108 23:28:27 InnoDB: highest supported file format is Barracuda.
171108 23:28:30  InnoDB: Waiting for the background threads to start
171108 23:28:31 InnoDB: 5.5.48 started; log sequence number 241641653
171108 23:28:31 [Note] Server hostname (bind-address): '0.0.0.0'; port: 33067
171108 23:28:31 [Note]   - '0.0.0.0' resolves to '0.0.0.0';
171108 23:28:31 [Note] Server socket created on IP: '0.0.0.0'.
171108 23:28:31 [Note] Event Scheduler: Loaded 0 events
171108 23:28:31 [Note] C:\Program Files (x86)\DevDesktop\mysql\bin\mysqld.exe: ready for connections.
Version: '5.5.48-log'  socket: ''  port: 33067  MySQL Community Server (GPL)
171109  0:07:25 [Note] C:\Program Files (x86)\DevDesktop\mysql\bin\mysqld.exe: Normal shutdown

171109  0:07:25 [Note] Event Scheduler: Purging the queue. 0 events
171109  0:07:25  InnoDB: Starting shutdown...
171109  0:07:26  InnoDB: Shutdown completed; log sequence number 286891186
171109  0:07:26 [Note] C:\Program Files (x86)\DevDesktop\mysql\bin\mysqld.exe: Shutdown complete

171114 14:33:09 [Note] Plugin 'FEDERATED' is disabled.
171114 14:33:09 InnoDB: The InnoDB memory heap is disabled
171114 14:33:09 InnoDB: Mutexes and rw_locks use Windows interlocked functions
171114 14:33:09 InnoDB: Compressed tables use zlib 1.2.3
171114 14:33:09 InnoDB: Initializing buffer pool, size = 512.0M
171114 14:33:09 InnoDB: Completed initialization of buffer pool
171114 14:33:09 InnoDB: highest supported file format is Barracuda.
171114 14:33:22  InnoDB: Waiting for the background threads to start
171114 14:33:23 InnoDB: 5.5.48 started; log sequence number 286891186
171114 14:33:23 [Note] Server hostname (bind-address): '0.0.0.0'; port: 33067
171114 14:33:23 [Note]   - '0.0.0.0' resolves to '0.0.0.0';
171114 14:33:23 [Note] Server socket created on IP: '0.0.0.0'.
171114 14:33:24 [Note] Event Scheduler: Loaded 0 events
171114 14:33:24 [Note] C:\Program Files (x86)\DevDesktop\mysql\bin\mysqld.exe: ready for connections.
Version: '5.5.48-log'  socket: ''  port: 33067  MySQL Community Server (GPL)
171114 15:17:32 [Note] C:\Program Files (x86)\DevDesktop\mysql\bin\mysqld.exe: Normal shutdown

171114 15:17:32 [Note] Event Scheduler: Purging the queue. 0 events
171114 15:17:32  InnoDB: Starting shutdown...
171114 15:17:34  InnoDB: Shutdown completed; log sequence number 297295961
171114 15:17:34 [Note] C:\Program Files (x86)\DevDesktop\mysql\bin\mysqld.exe: Shutdown complete

171114 16:03:39 [Note] Plugin 'FEDERATED' is disabled.
171114 16:03:39 InnoDB: The InnoDB memory heap is disabled
171114 16:03:39 InnoDB: Mutexes and rw_locks use Windows interlocked functions
171114 16:03:39 InnoDB: Compressed tables use zlib 1.2.3
171114 16:03:39 InnoDB: Initializing buffer pool, size = 512.0M
171114 16:03:39 InnoDB: Completed initialization of buffer pool
171114 16:03:39 InnoDB: highest supported file format is Barracuda.
171114 16:03:43  InnoDB: Waiting for the background threads to start
171114 16:03:44 InnoDB: 5.5.48 started; log sequence number 297295961
171114 16:03:44 [Note] Server hostname (bind-address): '0.0.0.0'; port: 33067
171114 16:03:44 [Note]   - '0.0.0.0' resolves to '0.0.0.0';
171114 16:03:44 [Note] Server socket created on IP: '0.0.0.0'.
171114 16:03:45 [Note] Event Scheduler: Loaded 0 events
171114 16:03:45 [Note] C:\Program Files (x86)\DevDesktop\mysql\bin\mysqld.exe: ready for connections.
Version: '5.5.48-log'  socket: ''  port: 33067  MySQL Community Server (GPL)
171114 16:43:23 [Note] C:\Program Files (x86)\DevDesktop\mysql\bin\mysqld.exe: Normal shutdown

171114 16:43:23 [Note] Event Scheduler: Purging the queue. 0 events
171114 16:43:23  InnoDB: Starting shutdown...
171114 16:43:24  InnoDB: Shutdown completed; log sequence number 302811291
171114 16:43:24 [Note] C:\Program Files (x86)\DevDesktop\mysql\bin\mysqld.exe: Shutdown complete

171114 17:16:20 [Note] Plugin 'FEDERATED' is disabled.
171114 17:16:20 InnoDB: The InnoDB memory heap is disabled
171114 17:16:20 InnoDB: Mutexes and rw_locks use Windows interlocked functions
171114 17:16:20 InnoDB: Compressed tables use zlib 1.2.3
171114 17:16:20 InnoDB: Initializing buffer pool, size = 512.0M
171114 17:16:20 InnoDB: Completed initialization of buffer pool
171114 17:16:20 InnoDB: highest supported file format is Barracuda.
171114 17:16:23  InnoDB: Waiting for the background threads to start
171114 17:16:24 InnoDB: 5.5.48 started; log sequence number 302811291
171114 17:16:24 [Note] Server hostname (bind-address): '0.0.0.0'; port: 33067
171114 17:16:24 [Note]   - '0.0.0.0' resolves to '0.0.0.0';
171114 17:16:24 [Note] Server socket created on IP: '0.0.0.0'.
171114 17:16:24 [Note] Event Scheduler: Loaded 0 events
171114 17:16:24 [Note] C:\Program Files (x86)\DevDesktop\mysql\bin\mysqld.exe: ready for connections.
Version: '5.5.48-log'  socket: ''  port: 33067  MySQL Community Server (GPL)
171114 17:45:05 [Note] C:\Program Files (x86)\DevDesktop\mysql\bin\mysqld.exe: Normal shutdown

171114 17:45:05 [Note] Event Scheduler: Purging the queue. 0 events
171114 17:45:05  InnoDB: Starting shutdown...
171114 17:45:07  InnoDB: Shutdown completed; log sequence number 304258385
171114 17:45:07 [Note] C:\Program Files (x86)\DevDesktop\mysql\bin\mysqld.exe: Shutdown complete

171115 16:55:26 [Note] Plugin 'FEDERATED' is disabled.
171115 16:55:26 InnoDB: The InnoDB memory heap is disabled
171115 16:55:26 InnoDB: Mutexes and rw_locks use Windows interlocked functions
171115 16:55:26 InnoDB: Compressed tables use zlib 1.2.3
171115 16:55:26 InnoDB: Initializing buffer pool, size = 512.0M
171115 16:55:26 InnoDB: Completed initialization of buffer pool
171115 16:55:26 InnoDB: highest supported file format is Barracuda.
171115 16:55:31  InnoDB: Waiting for the background threads to start
171115 16:55:32 InnoDB: 5.5.48 started; log sequence number 304258385
171115 16:55:32 [Note] Server hostname (bind-address): '0.0.0.0'; port: 33067
171115 16:55:32 [Note]   - '0.0.0.0' resolves to '0.0.0.0';
171115 16:55:32 [Note] Server socket created on IP: '0.0.0.0'.
171115 16:55:33 [Note] Event Scheduler: Loaded 0 events
171115 16:55:33 [Note] C:\Program Files (x86)\DevDesktop\mysql\bin\mysqld.exe: ready for connections.
Version: '5.5.48-log'  socket: ''  port: 33067  MySQL Community Server (GPL)
171115 17:11:52 [Note] C:\Program Files (x86)\DevDesktop\mysql\bin\mysqld.exe: Normal shutdown

171115 17:11:52 [Note] Event Scheduler: Purging the queue. 0 events
171115 17:11:52  InnoDB: Starting shutdown...
171115 17:11:54  InnoDB: Shutdown completed; log sequence number 306942495
171115 17:11:54 [Note] C:\Program Files (x86)\DevDesktop\mysql\bin\mysqld.exe: Shutdown complete

171115 21:19:57 [Note] Plugin 'FEDERATED' is disabled.
171115 21:19:57 InnoDB: The InnoDB memory heap is disabled
171115 21:19:57 InnoDB: Mutexes and rw_locks use Windows interlocked functions
171115 21:19:57 InnoDB: Compressed tables use zlib 1.2.3
171115 21:19:57 InnoDB: Initializing buffer pool, size = 512.0M
171115 21:19:57 InnoDB: Completed initialization of buffer pool
171115 21:19:57 InnoDB: highest supported file format is Barracuda.
171115 21:19:59  InnoDB: Waiting for the background threads to start
171115 21:20:00 InnoDB: 5.5.48 started; log sequence number 306942495
171115 21:20:00 [Note] Server hostname (bind-address): '0.0.0.0'; port: 33067
171115 21:20:00 [Note]   - '0.0.0.0' resolves to '0.0.0.0';
171115 21:20:00 [Note] Server socket created on IP: '0.0.0.0'.
171115 21:20:00 [Note] Event Scheduler: Loaded 0 events
171115 21:20:00 [Note] C:\Program Files (x86)\DevDesktop\mysql\bin\mysqld.exe: ready for connections.
Version: '5.5.48-log'  socket: ''  port: 33067  MySQL Community Server (GPL)
171115 22:10:18 [Note] C:\Program Files (x86)\DevDesktop\mysql\bin\mysqld.exe: Normal shutdown

171115 22:10:18 [Note] Event Scheduler: Purging the queue. 0 events
171115 22:10:18  InnoDB: Starting shutdown...
171115 22:10:19  InnoDB: Shutdown completed; log sequence number 321576930
171115 22:10:19 [Note] C:\Program Files (x86)\DevDesktop\mysql\bin\mysqld.exe: Shutdown complete

171125 15:39:09 [Note] Plugin 'FEDERATED' is disabled.
171125 15:39:09 InnoDB: The InnoDB memory heap is disabled
171125 15:39:09 InnoDB: Mutexes and rw_locks use Windows interlocked functions
171125 15:39:09 InnoDB: Compressed tables use zlib 1.2.3
171125 15:39:09 InnoDB: Initializing buffer pool, size = 512.0M
171125 15:39:09 InnoDB: Completed initialization of buffer pool
171125 15:39:10 InnoDB: highest supported file format is Barracuda.
171125 15:39:17  InnoDB: Waiting for the background threads to start
171125 15:39:18 InnoDB: 5.5.48 started; log sequence number 321576930
171125 15:39:18 [Note] Server hostname (bind-address): '0.0.0.0'; port: 33067
171125 15:39:18 [Note]   - '0.0.0.0' resolves to '0.0.0.0';
171125 15:39:18 [Note] Server socket created on IP: '0.0.0.0'.
171125 15:39:20 [Note] Event Scheduler: Loaded 0 events
171125 15:39:20 [Note] C:\Program Files (x86)\DevDesktop\mysql\bin\mysqld.exe: ready for connections.
Version: '5.5.48-log'  socket: ''  port: 33067  MySQL Community Server (GPL)
171125 15:57:57 [Note] C:\Program Files (x86)\DevDesktop\mysql\bin\mysqld.exe: Normal shutdown

171125 15:57:57 [Note] Event Scheduler: Purging the queue. 0 events
171125 15:57:57  InnoDB: Starting shutdown...
171125 15:57:58  InnoDB: Shutdown completed; log sequence number 323446916
171125 15:57:58 [Note] C:\Program Files (x86)\DevDesktop\mysql\bin\mysqld.exe: Shutdown complete

171127 15:20:29 [Note] Plugin 'FEDERATED' is disabled.
171127 15:20:29 InnoDB: The InnoDB memory heap is disabled
171127 15:20:29 InnoDB: Mutexes and rw_locks use Windows interlocked functions
171127 15:20:29 InnoDB: Compressed tables use zlib 1.2.3
171127 15:20:29 InnoDB: Initializing buffer pool, size = 512.0M
171127 15:20:29 InnoDB: Completed initialization of buffer pool
171127 15:20:29 InnoDB: highest supported file format is Barracuda.
171127 15:20:36  InnoDB: Waiting for the background threads to start
171127 15:20:37 InnoDB: 5.5.48 started; log sequence number 323446916
171127 15:20:37 [Note] Server hostname (bind-address): '0.0.0.0'; port: 33067
171127 15:20:37 [Note]   - '0.0.0.0' resolves to '0.0.0.0';
171127 15:20:37 [Note] Server socket created on IP: '0.0.0.0'.
171127 15:20:39 [Note] Event Scheduler: Loaded 0 events
171127 15:20:39 [Note] C:\Program Files (x86)\DevDesktop\mysql\bin\mysqld.exe: ready for connections.
Version: '5.5.48-log'  socket: ''  port: 33067  MySQL Community Server (GPL)
171127 15:45:35 [Note] C:\Program Files (x86)\DevDesktop\mysql\bin\mysqld.exe: Normal shutdown

171127 15:45:35 [Note] Event Scheduler: Purging the queue. 0 events
171127 15:45:35  InnoDB: Starting shutdown...
171127 15:45:36  InnoDB: Shutdown completed; log sequence number 323947731
171127 15:45:36 [Note] C:\Program Files (x86)\DevDesktop\mysql\bin\mysqld.exe: Shutdown complete

171127 16:44:59 [Note] Plugin 'FEDERATED' is disabled.
171127 16:44:59 InnoDB: The InnoDB memory heap is disabled
171127 16:44:59 InnoDB: Mutexes and rw_locks use Windows interlocked functions
171127 16:44:59 InnoDB: Compressed tables use zlib 1.2.3
171127 16:44:59 InnoDB: Initializing buffer pool, size = 512.0M
171127 16:44:59 InnoDB: Completed initialization of buffer pool
171127 16:44:59 InnoDB: highest supported file format is Barracuda.
171127 16:45:02  InnoDB: Waiting for the background threads to start
171127 16:45:03 InnoDB: 5.5.48 started; log sequence number 323947731
171127 16:45:03 [Note] Server hostname (bind-address): '0.0.0.0'; port: 33067
171127 16:45:03 [Note]   - '0.0.0.0' resolves to '0.0.0.0';
171127 16:45:03 [Note] Server socket created on IP: '0.0.0.0'.
171127 16:45:03 [Note] Event Scheduler: Loaded 0 events
171127 16:45:03 [Note] C:\Program Files (x86)\DevDesktop\mysql\bin\mysqld.exe: ready for connections.
Version: '5.5.48-log'  socket: ''  port: 33067  MySQL Community Server (GPL)
171127 17:00:31 [Note] C:\Program Files (x86)\DevDesktop\mysql\bin\mysqld.exe: Normal shutdown

171127 17:00:31 [Note] Event Scheduler: Purging the queue. 0 events
171127 17:00:31  InnoDB: Starting shutdown...
171127 17:00:32  InnoDB: Shutdown completed; log sequence number 324901158
171127 17:00:32 [Note] C:\Program Files (x86)\DevDesktop\mysql\bin\mysqld.exe: Shutdown complete

171127 17:00:36 [Note] Plugin 'FEDERATED' is disabled.
171127 17:00:36 InnoDB: The InnoDB memory heap is disabled
171127 17:00:36 InnoDB: Mutexes and rw_locks use Windows interlocked functions
171127 17:00:36 InnoDB: Compressed tables use zlib 1.2.3
171127 17:00:36 InnoDB: Initializing buffer pool, size = 512.0M
171127 17:00:36 InnoDB: Completed initialization of buffer pool
171127 17:00:36 InnoDB: highest supported file format is Barracuda.
171127 17:00:38  InnoDB: Waiting for the background threads to start
171127 17:00:39 InnoDB: 5.5.48 started; log sequence number 324901158
171127 17:00:39 [Note] Server hostname (bind-address): '0.0.0.0'; port: 33067
171127 17:00:39 [Note]   - '0.0.0.0' resolves to '0.0.0.0';
171127 17:00:39 [Note] Server socket created on IP: '0.0.0.0'.
171127 17:00:39 [Note] Event Scheduler: Loaded 0 events
171127 17:00:39 [Note] C:\Program Files (x86)\DevDesktop\mysql\bin\mysqld.exe: ready for connections.
Version: '5.5.48-log'  socket: ''  port: 33067  MySQL Community Server (GPL)
171127 18:21:09 [Note] C:\Program Files (x86)\DevDesktop\mysql\bin\mysqld.exe: Normal shutdown

171127 18:21:09 [Note] Event Scheduler: Purging the queue. 0 events
171127 18:21:09  InnoDB: Starting shutdown...
171127 18:21:10  InnoDB: Shutdown completed; log sequence number 328977547
171127 18:21:10 [Note] C:\Program Files (x86)\DevDesktop\mysql\bin\mysqld.exe: Shutdown complete

171127 19:54:34 [Note] Plugin 'FEDERATED' is disabled.
171127 19:54:34 InnoDB: The InnoDB memory heap is disabled
171127 19:54:34 InnoDB: Mutexes and rw_locks use Windows interlocked functions
171127 19:54:34 InnoDB: Compressed tables use zlib 1.2.3
171127 19:54:34 InnoDB: Initializing buffer pool, size = 512.0M
171127 19:54:34 InnoDB: Completed initialization of buffer pool
171127 19:54:35 InnoDB: highest supported file format is Barracuda.
171127 19:54:36  InnoDB: Waiting for the background threads to start
171127 19:54:37 InnoDB: 5.5.48 started; log sequence number 328977547
171127 19:54:37 [Note] Server hostname (bind-address): '0.0.0.0'; port: 33067
171127 19:54:37 [Note]   - '0.0.0.0' resolves to '0.0.0.0';
171127 19:54:37 [Note] Server socket created on IP: '0.0.0.0'.
171127 19:54:37 [Note] Event Scheduler: Loaded 0 events
171127 19:54:37 [Note] C:\Program Files (x86)\DevDesktop\mysql\bin\mysqld.exe: ready for connections.
Version: '5.5.48-log'  socket: ''  port: 33067  MySQL Community Server (GPL)
171127 21:15:13 [Note] C:\Program Files (x86)\DevDesktop\mysql\bin\mysqld.exe: Normal shutdown

171127 21:15:13 [Note] Event Scheduler: Purging the queue. 0 events
171127 21:15:13  InnoDB: Starting shutdown...
171127 21:15:14  InnoDB: Shutdown completed; log sequence number 329279333
171127 21:15:14 [Note] C:\Program Files (x86)\DevDesktop\mysql\bin\mysqld.exe: Shutdown complete

171128 20:51:14 [Note] Plugin 'FEDERATED' is disabled.
171128 20:51:14 InnoDB: The InnoDB memory heap is disabled
171128 20:51:14 InnoDB: Mutexes and rw_locks use Windows interlocked functions
171128 20:51:14 InnoDB: Compressed tables use zlib 1.2.3
171128 20:51:14 InnoDB: Initializing buffer pool, size = 512.0M
171128 20:51:14 InnoDB: Completed initialization of buffer pool
171128 20:51:14 InnoDB: highest supported file format is Barracuda.
171128 20:51:19  InnoDB: Waiting for the background threads to start
171128 20:51:20 InnoDB: 5.5.48 started; log sequence number 329279333
171128 20:51:20 [Note] Server hostname (bind-address): '0.0.0.0'; port: 33067
171128 20:51:20 [Note]   - '0.0.0.0' resolves to '0.0.0.0';
171128 20:51:20 [Note] Server socket created on IP: '0.0.0.0'.
171128 20:51:21 [Note] Event Scheduler: Loaded 0 events
171128 20:51:21 [Note] C:\Program Files (x86)\DevDesktop\mysql\bin\mysqld.exe: ready for connections.
Version: '5.5.48-log'  socket: ''  port: 33067  MySQL Community Server (GPL)
